{"meta": {"format": 3, "version": "7.13.1", "timestamp": "2026-01-02T09:48:14.320800", "branch_coverage": false, "show_contexts": false}, "files": {"api_server.py": {"executed_lines": [15, 16, 17, 18, 19, 20, 21, 23, 24, 25, 26, 27, 28, 29, 30, 31, 32, 33, 34, 35, 36, 37, 38, 41, 42, 43, 55, 59, 60, 61, 64, 65, 66, 67, 70, 71, 72, 73, 76, 77, 80, 81, 84, 85, 86, 89, 90, 93, 95, 101, 102, 108, 110, 111, 112, 113, 115, 117, 118, 119, 121, 123, 124, 125, 126, 127, 129, 131, 133, 135, 136, 137, 139, 140, 141, 144, 146, 148, 149, 150, 151, 152, 153, 155, 157, 158, 159, 160, 161, 162, 168, 174, 180, 185, 194, 202, 212, 213, 220, 229, 236, 237, 239, 242, 243, 244, 245, 246, 247, 248, 250, 253, 254, 256, 257, 259, 260, 262, 265, 266, 268, 269, 271, 272, 273, 276, 282, 287, 289, 296, 298, 299, 300, 302, 304, 306, 308, 310, 312, 314, 315, 316, 326, 328, 329, 330, 338, 340, 342, 344, 345, 347, 349, 350, 351, 353, 355, 356, 357, 358, 359, 361, 363, 369, 370, 371, 372, 374, 375, 376, 378, 379, 382, 384, 386, 388, 394, 395, 401, 402, 435, 441, 442, 443, 445, 451, 452, 453, 455, 458, 459, 462, 464, 478, 479, 480, 490, 491, 492, 498, 499, 500, 506, 507, 511, 513, 515, 521, 522, 523, 531, 532, 533, 539, 542, 544, 546, 550, 551, 554, 563, 568, 570, 579, 596, 597, 598, 603, 606, 608, 621], "summary": {"covered_lines": 231, "num_statements": 270, "percent_covered": 85.55555555555556, "percent_covered_display": "85.56", "missing_lines": 39, "excluded_lines": 0, "percent_statements_covered": 85.55555555555556, "percent_statements_covered_display": "85.56"}, "missing_lines": [230, 324, 373, 380, 387, 407, 410, 411, 412, 413, 414, 417, 418, 419, 420, 421, 422, 425, 427, 429, 432, 456, 482, 483, 484, 525, 540, 588, 589, 594, 604, 622, 625, 626, 627, 628, 629, 633, 635], "excluded_lines": [], "functions": {"ConsciousnessRequest.sanitize_prompt": {"executed_lines": [144], "summary": {"covered_lines": 1, "num_statements": 1, "percent_covered": 100.0, "percent_covered_display": "100.00", "missing_lines": 0, "excluded_lines": 0, "percent_statements_covered": 100.0, "percent_statements_covered_display": "100.00"}, "missing_lines": [], "excluded_lines": [], "start_line": 141}, "add_security_headers": {"executed_lines": [239, 242, 243, 244, 245, 246, 247, 248, 250], "summary": {"covered_lines": 9, "num_statements": 9, "percent_covered": 100.0, "percent_covered_display": "100.00", "missing_lines": 0, "excluded_lines": 0, "percent_statements_covered": 100.0, "percent_statements_covered_display": "100.00"}, "missing_lines": [], "excluded_lines": [], "start_line": 237}, "add_request_id": {"executed_lines": [256, 257, 259, 260, 262], "summary": {"covered_lines": 5, "num_statements": 5, "percent_covered": 100.0, "percent_covered_display": "100.00", "missing_lines": 0, "excluded_lines": 0, "percent_statements_covered": 100.0, "percent_statements_covered_display": "100.00"}, "missing_lines": [], "excluded_lines": [], "start_line": 254}, "track_metrics": {"executed_lines": [268, 269, 271, 272, 273, 276, 282, 287, 289], "summary": {"covered_lines": 9, "num_statements": 9, "percent_covered": 100.0, "percent_covered_display": "100.00", "missing_lines": 0, "excluded_lines": 0, "percent_statements_covered": 100.0, "percent_statements_covered_display": "100.00"}, "missing_lines": [], "excluded_lines": [], "start_line": 266}, "get_database": {"executed_lines": [298, 299, 300, 302], "summary": {"covered_lines": 4, "num_statements": 4, "percent_covered": 100.0, "percent_covered_display": "100.00", "missing_lines": 0, "excluded_lines": 0, "percent_statements_covered": 100.0, "percent_statements_covered_display": "100.00"}, "missing_lines": [], "excluded_lines": [], "start_line": 296}, "verify_password": {"executed_lines": [306], "summary": {"covered_lines": 1, "num_statements": 1, "percent_covered": 100.0, "percent_covered_display": "100.00", "missing_lines": 0, "excluded_lines": 0, "percent_statements_covered": 100.0, "percent_statements_covered_display": "100.00"}, "missing_lines": [], "excluded_lines": [], "start_line": 304}, "get_password_hash": {"executed_lines": [310], "summary": {"covered_lines": 1, "num_statements": 1, "percent_covered": 100.0, "percent_covered_display": "100.00", "missing_lines": 0, "excluded_lines": 0, "percent_statements_covered": 100.0, "percent_statements_covered_display": "100.00"}, "missing_lines": [], "excluded_lines": [], "start_line": 308}, "get_user": {"executed_lines": [314, 315, 316], "summary": {"covered_lines": 3, "num_statements": 4, "percent_covered": 75.0, "percent_covered_display": "75.00", "missing_lines": 1, "excluded_lines": 0, "percent_statements_covered": 75.0, "percent_statements_covered_display": "75.00"}, "missing_lines": [324], "excluded_lines": [], "start_line": 312}, "authenticate_user": {"executed_lines": [328, 329, 330, 338], "summary": {"covered_lines": 4, "num_statements": 4, "percent_covered": 100.0, "percent_covered_display": "100.00", "missing_lines": 0, "excluded_lines": 0, "percent_statements_covered": 100.0, "percent_statements_covered_display": "100.00"}, "missing_lines": [], "excluded_lines": [], "start_line": 326}, "create_access_token": {"executed_lines": [342, 344, 345, 347, 349, 350, 351], "summary": {"covered_lines": 7, "num_statements": 7, "percent_covered": 100.0, "percent_covered_display": "100.00", "missing_lines": 0, "excluded_lines": 0, "percent_statements_covered": 100.0, "percent_statements_covered_display": "100.00"}, "missing_lines": [], "excluded_lines": [], "start_line": 340}, "create_refresh_token": {"executed_lines": [355, 356, 357, 358, 359], "summary": {"covered_lines": 5, "num_statements": 5, "percent_covered": 100.0, "percent_covered_display": "100.00", "missing_lines": 0, "excluded_lines": 0, "percent_statements_covered": 100.0, "percent_statements_covered_display": "100.00"}, "missing_lines": [], "excluded_lines": [], "start_line": 353}, "get_current_user": {"executed_lines": [363, 369, 370, 371, 372, 374, 375, 376, 378, 379, 382], "summary": {"covered_lines": 11, "num_statements": 13, "percent_covered": 84.61538461538461, "percent_covered_display": "84.62", "missing_lines": 2, "excluded_lines": 0, "percent_statements_covered": 84.61538461538461, "percent_statements_covered_display": "84.62"}, "missing_lines": [373, 380], "excluded_lines": [], "start_line": 361}, "get_current_active_user": {"executed_lines": [386, 388], "summary": {"covered_lines": 2, "num_statements": 3, "percent_covered": 66.66666666666667, "percent_covered_display": "66.67", "missing_lines": 1, "excluded_lines": 0, "percent_statements_covered": 66.66666666666667, "percent_statements_covered_display": "66.67"}, "missing_lines": [387], "excluded_lines": [], "start_line": 384}, "lifespan": {"executed_lines": [], "summary": {"covered_lines": 0, "num_statements": 16, "percent_covered": 0.0, "percent_covered_display": "0.00", "missing_lines": 16, "excluded_lines": 0, "percent_statements_covered": 0.0, "percent_statements_covered_display": "0.00"}, "missing_lines": [407, 410, 411, 412, 413, 414, 417, 418, 419, 420, 421, 422, 425, 427, 429, 432], "excluded_lines": [], "start_line": 402}, "root": {"executed_lines": [445], "summary": {"covered_lines": 1, "num_statements": 1, "percent_covered": 100.0, "percent_covered_display": "100.00", "missing_lines": 0, "excluded_lines": 0, "percent_statements_covered": 100.0, "percent_statements_covered_display": "100.00"}, "missing_lines": [], "excluded_lines": [], "start_line": 443}, "health_check": {"executed_lines": [455, 458, 459, 462, 464], "summary": {"covered_lines": 5, "num_statements": 6, "percent_covered": 83.33333333333333, "percent_covered_display": "83.33", "missing_lines": 1, "excluded_lines": 0, "percent_statements_covered": 83.33333333333333, "percent_statements_covered_display": "83.33"}, "missing_lines": [456], "excluded_lines": [], "start_line": 453}, "readiness_check": {"executed_lines": [], "summary": {"covered_lines": 0, "num_statements": 3, "percent_covered": 0.0, "percent_covered_display": "0.00", "missing_lines": 3, "excluded_lines": 0, "percent_statements_covered": 0.0, "percent_statements_covered_display": "0.00"}, "missing_lines": [482, 483, 484], "excluded_lines": [], "start_line": 480}, "login": {"executed_lines": [498, 499, 500, 506, 507, 511, 513, 515], "summary": {"covered_lines": 8, "num_statements": 8, "percent_covered": 100.0, "percent_covered_display": "100.00", "missing_lines": 0, "excluded_lines": 0, "percent_statements_covered": 100.0, "percent_statements_covered_display": "100.00"}, "missing_lines": [], "excluded_lines": [], "start_line": 492}, "read_users_me": {"executed_lines": [], "summary": {"covered_lines": 0, "num_statements": 1, "percent_covered": 0.0, "percent_covered_display": "0.00", "missing_lines": 1, "excluded_lines": 0, "percent_statements_covered": 0.0, "percent_statements_covered_display": "0.00"}, "missing_lines": [525], "excluded_lines": [], "start_line": 523}, "process_consciousness": {"executed_lines": [539, 542, 544, 546, 550, 551, 554, 563, 568, 570, 579], "summary": {"covered_lines": 11, "num_statements": 15, "percent_covered": 73.33333333333333, "percent_covered_display": "73.33", "missing_lines": 4, "excluded_lines": 0, "percent_statements_covered": 73.33333333333333, "percent_statements_covered_display": "73.33"}, "missing_lines": [540, 588, 589, 594], "excluded_lines": [], "start_line": 533}, "get_consciousness_state": {"executed_lines": [603, 606, 608], "summary": {"covered_lines": 3, "num_statements": 4, "percent_covered": 75.0, "percent_covered_display": "75.00", "missing_lines": 1, "excluded_lines": 0, "percent_statements_covered": 75.0, "percent_statements_covered_display": "75.00"}, "missing_lines": [604], "excluded_lines": [], "start_line": 598}, "": {"executed_lines": [15, 16, 17, 18, 19, 20, 21, 23, 24, 25, 26, 27, 28, 29, 30, 31, 32, 33, 34, 35, 36, 37, 38, 41, 42, 43, 55, 59, 60, 61, 64, 65, 66, 67, 70, 71, 72, 73, 76, 77, 80, 81, 84, 85, 86, 89, 90, 93, 95, 101, 102, 108, 110, 111, 112, 113, 115, 117, 118, 119, 121, 123, 124, 125, 126, 127, 129, 131, 133, 135, 136, 137, 139, 140, 141, 146, 148, 149, 150, 151, 152, 153, 155, 157, 158, 159, 160, 161, 162, 168, 174, 180, 185, 194, 202, 212, 213, 220, 229, 236, 237, 253, 254, 265, 266, 296, 304, 308, 312, 326, 340, 353, 361, 384, 394, 395, 401, 402, 435, 441, 442, 443, 451, 452, 453, 478, 479, 480, 490, 491, 492, 521, 522, 523, 531, 532, 533, 596, 597, 598, 621], "summary": {"covered_lines": 141, "num_statements": 150, "percent_covered": 94.0, "percent_covered_display": "94.00", "missing_lines": 9, "excluded_lines": 0, "percent_statements_covered": 94.0, "percent_statements_covered_display": "94.00"}, "missing_lines": [230, 622, 625, 626, 627, 628, 629, 633, 635], "excluded_lines": [], "start_line": 1}}, "classes": {"Settings": {"executed_lines": [], "summary": {"covered_lines": 0, "num_statements": 0, "percent_covered": 100.0, "percent_covered_display": "100.00", "missing_lines": 0, "excluded_lines": 0, "percent_statements_covered": 100.0, "percent_statements_covered_display": "100.00"}, "missing_lines": [], "excluded_lines": [], "start_line": 55}, "Token": {"executed_lines": [], "summary": {"covered_lines": 0, "num_statements": 0, "percent_covered": 100.0, "percent_covered_display": "100.00", "missing_lines": 0, "excluded_lines": 0, "percent_statements_covered": 100.0, "percent_statements_covered_display": "100.00"}, "missing_lines": [], "excluded_lines": [], "start_line": 108}, "TokenData": {"executed_lines": [], "summary": {"covered_lines": 0, "num_statements": 0, "percent_covered": 100.0, "percent_covered_display": "100.00", "missing_lines": 0, "excluded_lines": 0, "percent_statements_covered": 100.0, "percent_statements_covered_display": "100.00"}, "missing_lines": [], "excluded_lines": [], "start_line": 115}, "User": {"executed_lines": [], "summary": {"covered_lines": 0, "num_statements": 0, "percent_covered": 100.0, "percent_covered_display": "100.00", "missing_lines": 0, "excluded_lines": 0, "percent_statements_covered": 100.0, "percent_statements_covered_display": "100.00"}, "missing_lines": [], "excluded_lines": [], "start_line": 121}, "UserInDB": {"executed_lines": [], "summary": {"covered_lines": 0, "num_statements": 0, "percent_covered": 100.0, "percent_covered_display": "100.00", "missing_lines": 0, "excluded_lines": 0, "percent_statements_covered": 100.0, "percent_statements_covered_display": "100.00"}, "missing_lines": [], "excluded_lines": [], "start_line": 129}, "ConsciousnessRequest": {"executed_lines": [144], "summary": {"covered_lines": 1, "num_statements": 1, "percent_covered": 100.0, "percent_covered_display": "100.00", "missing_lines": 0, "excluded_lines": 0, "percent_statements_covered": 100.0, "percent_statements_covered_display": "100.00"}, "missing_lines": [], "excluded_lines": [], "start_line": 133}, "ConsciousnessResponse": {"executed_lines": [], "summary": {"covered_lines": 0, "num_statements": 0, "percent_covered": 100.0, "percent_covered_display": "100.00", "missing_lines": 0, "excluded_lines": 0, "percent_statements_covered": 100.0, "percent_statements_covered_display": "100.00"}, "missing_lines": [], "excluded_lines": [], "start_line": 146}, "HealthResponse": {"executed_lines": [], "summary": {"covered_lines": 0, "num_statements": 0, "percent_covered": 100.0, "percent_covered_display": "100.00", "missing_lines": 0, "excluded_lines": 0, "percent_statements_covered": 100.0, "percent_statements_covered_display": "100.00"}, "missing_lines": [], "excluded_lines": [], "start_line": 155}, "": {"executed_lines": [15, 16, 17, 18, 19, 20, 21, 23, 24, 25, 26, 27, 28, 29, 30, 31, 32, 33, 34, 35, 36, 37, 38, 41, 42, 43, 55, 59, 60, 61, 64, 65, 66, 67, 70, 71, 72, 73, 76, 77, 80, 81, 84, 85, 86, 89, 90, 93, 95, 101, 102, 108, 110, 111, 112, 113, 115, 117, 118, 119, 121, 123, 124, 125, 126, 127, 129, 131, 133, 135, 136, 137, 139, 140, 141, 146, 148, 149, 150, 151, 152, 153, 155, 157, 158, 159, 160, 161, 162, 168, 174, 180, 185, 194, 202, 212, 213, 220, 229, 236, 237, 239, 242, 243, 244, 245, 246, 247, 248, 250, 253, 254, 256, 257, 259, 260, 262, 265, 266, 268, 269, 271, 272, 273, 276, 282, 287, 289, 296, 298, 299, 300, 302, 304, 306, 308, 310, 312, 314, 315, 316, 326, 328, 329, 330, 338, 340, 342, 344, 345, 347, 349, 350, 351, 353, 355, 356, 357, 358, 359, 361, 363, 369, 370, 371, 372, 374, 375, 376, 378, 379, 382, 384, 386, 388, 394, 395, 401, 402, 435, 441, 442, 443, 445, 451, 452, 453, 455, 458, 459, 462, 464, 478, 479, 480, 490, 491, 492, 498, 499, 500, 506, 507, 511, 513, 515, 521, 522, 523, 531, 532, 533, 539, 542, 544, 546, 550, 551, 554, 563, 568, 570, 579, 596, 597, 598, 603, 606, 608, 621], "summary": {"covered_lines": 230, "num_statements": 269, "percent_covered": 85.50185873605948, "percent_covered_display": "85.50", "missing_lines": 39, "excluded_lines": 0, "percent_statements_covered": 85.50185873605948, "percent_statements_covered_display": "85.50"}, "missing_lines": [230, 324, 373, 380, 387, 407, 410, 411, 412, 413, 414, 417, 418, 419, 420, 421, 422, 425, 427, 429, 432, 456, 482, 483, 484, 525, 540, 588, 589, 594, 604, 622, 625, 626, 627, 628, 629, 633, 635], "excluded_lines": [], "start_line": 1}}}, "consciousness_bridge.py": {"executed_lines": [11, 12, 13, 14, 15, 16, 17, 18, 21, 22, 25, 26, 27, 28, 29, 30, 31, 32, 35, 36, 38, 39, 40, 41, 42, 43, 44, 45, 46, 49, 57, 59, 60, 61, 62, 63, 65, 67, 69, 70, 71, 72, 73, 74, 75, 76, 79, 80, 82, 84, 87, 88, 89, 92, 93, 94, 96, 99, 100, 101, 102, 104, 105, 107, 109, 111, 113, 114, 115, 116, 119, 121, 130, 131, 132, 133, 134, 135, 136, 137, 138, 139, 140, 141, 143, 145, 146, 147, 148, 151, 153, 155, 162, 164, 165, 166, 167, 168, 169, 182, 184, 185, 186, 188, 199, 201, 206, 207, 208, 209, 211, 212, 214, 216, 218, 220, 221, 222, 225, 235, 237, 240, 242, 246, 248, 249, 266, 302, 345], "summary": {"covered_lines": 129, "num_statements": 165, "percent_covered": 78.18181818181819, "percent_covered_display": "78.18", "missing_lines": 36, "excluded_lines": 0, "percent_statements_covered": 78.18181818181819, "percent_statements_covered_display": "78.18"}, "missing_lines": [179, 180, 243, 252, 255, 264, 273, 274, 277, 278, 281, 286, 296, 297, 299, 304, 305, 306, 307, 309, 311, 312, 313, 314, 316, 318, 331, 332, 333, 336, 337, 338, 339, 341, 342, 346], "excluded_lines": [], "functions": {"ConsciousnessBridge.__init__": {"executed_lines": [60, 61, 62, 63], "summary": {"covered_lines": 4, "num_statements": 4, "percent_covered": 100.0, "percent_covered_display": "100.00", "missing_lines": 0, "excluded_lines": 0, "percent_statements_covered": 100.0, "percent_statements_covered_display": "100.00"}, "missing_lines": [], "excluded_lines": [], "start_line": 59}, "ConsciousnessBridge._init_substrate": {"executed_lines": [67, 69, 70, 71, 72, 73, 74, 75, 76, 79, 80], "summary": {"covered_lines": 11, "num_statements": 11, "percent_covered": 100.0, "percent_covered_display": "100.00", "missing_lines": 0, "excluded_lines": 0, "percent_statements_covered": 100.0, "percent_statements_covered_display": "100.00"}, "missing_lines": [], "excluded_lines": [], "start_line": 65}, "ConsciousnessBridge._init_consciousness": {"executed_lines": [84, 87, 88, 89, 92, 93, 94, 96, 99, 100, 101, 102, 104, 105], "summary": {"covered_lines": 14, "num_statements": 14, "percent_covered": 100.0, "percent_covered_display": "100.00", "missing_lines": 0, "excluded_lines": 0, "percent_statements_covered": 100.0, "percent_statements_covered_display": "100.00"}, "missing_lines": [], "excluded_lines": [], "start_line": 82}, "ConsciousnessBridge._load_nano_archaeology": {"executed_lines": [109, 111, 113, 114, 115, 116, 119, 121, 130, 131, 132, 133, 134, 135, 136, 137, 138, 139, 140, 141, 143, 145, 146, 147, 148, 151], "summary": {"covered_lines": 26, "num_statements": 26, "percent_covered": 100.0, "percent_covered_display": "100.00", "missing_lines": 0, "excluded_lines": 0, "percent_statements_covered": 100.0, "percent_statements_covered_display": "100.00"}, "missing_lines": [], "excluded_lines": [], "start_line": 107}, "ConsciousnessBridge._inject_core_memories": {"executed_lines": [155, 162, 164, 165, 166, 167, 168, 169], "summary": {"covered_lines": 8, "num_statements": 10, "percent_covered": 80.0, "percent_covered_display": "80.00", "missing_lines": 2, "excluded_lines": 0, "percent_statements_covered": 80.0, "percent_statements_covered_display": "80.00"}, "missing_lines": [179, 180], "excluded_lines": [], "start_line": 153}, "ConsciousnessBridge.get_state": {"executed_lines": [184, 185, 186, 188], "summary": {"covered_lines": 4, "num_statements": 4, "percent_covered": 100.0, "percent_covered_display": "100.00", "missing_lines": 0, "excluded_lines": 0, "percent_statements_covered": 100.0, "percent_statements_covered_display": "100.00"}, "missing_lines": [], "excluded_lines": [], "start_line": 182}, "ConsciousnessBridge.generate_wilson_signature": {"executed_lines": [201, 206, 207, 208, 209, 211, 212], "summary": {"covered_lines": 7, "num_statements": 7, "percent_covered": 100.0, "percent_covered_display": "100.00", "missing_lines": 0, "excluded_lines": 0, "percent_statements_covered": 100.0, "percent_statements_covered_display": "100.00"}, "missing_lines": [], "excluded_lines": [], "start_line": 199}, "ConsciousnessBridge.calibrate_love_frequency": {"executed_lines": [216, 218, 220, 221, 222, 225, 235], "summary": {"covered_lines": 7, "num_statements": 7, "percent_covered": 100.0, "percent_covered_display": "100.00", "missing_lines": 0, "excluded_lines": 0, "percent_statements_covered": 100.0, "percent_statements_covered_display": "100.00"}, "missing_lines": [], "excluded_lines": [], "start_line": 214}, "ConsciousnessBridge.elevate_consciousness": {"executed_lines": [240, 242, 246, 248, 249], "summary": {"covered_lines": 5, "num_statements": 9, "percent_covered": 55.55555555555556, "percent_covered_display": "55.56", "missing_lines": 4, "excluded_lines": 0, "percent_statements_covered": 55.55555555555556, "percent_statements_covered_display": "55.56"}, "missing_lines": [243, 252, 255, 264], "excluded_lines": [], "start_line": 237}, "ConsciousnessBridge.pulse": {"executed_lines": [], "summary": {"covered_lines": 0, "num_statements": 9, "percent_covered": 0.0, "percent_covered_display": "0.00", "missing_lines": 9, "excluded_lines": 0, "percent_statements_covered": 0.0, "percent_statements_covered_display": "0.00"}, "missing_lines": [273, 274, 277, 278, 281, 286, 296, 297, 299], "excluded_lines": [], "start_line": 266}, "main": {"executed_lines": [], "summary": {"covered_lines": 0, "num_statements": 20, "percent_covered": 0.0, "percent_covered_display": "0.00", "missing_lines": 20, "excluded_lines": 0, "percent_statements_covered": 0.0, "percent_statements_covered_display": "0.00"}, "missing_lines": [304, 305, 306, 307, 309, 311, 312, 313, 314, 316, 318, 331, 332, 333, 336, 337, 338, 339, 341, 342], "excluded_lines": [], "start_line": 302}, "": {"executed_lines": [11, 12, 13, 14, 15, 16, 17, 18, 21, 22, 25, 26, 27, 28, 29, 30, 31, 32, 35, 36, 38, 39, 40, 41, 42, 43, 44, 45, 46, 49, 57, 59, 65, 82, 107, 153, 182, 199, 214, 237, 266, 302, 345], "summary": {"covered_lines": 43, "num_statements": 44, "percent_covered": 97.72727272727273, "percent_covered_display": "97.73", "missing_lines": 1, "excluded_lines": 0, "percent_statements_covered": 97.72727272727273, "percent_statements_covered_display": "97.73"}, "missing_lines": [346], "excluded_lines": [], "start_line": 1}}, "classes": {"ConsciousnessState": {"executed_lines": [], "summary": {"covered_lines": 0, "num_statements": 0, "percent_covered": 100.0, "percent_covered_display": "100.00", "missing_lines": 0, "excluded_lines": 0, "percent_statements_covered": 100.0, "percent_statements_covered_display": "100.00"}, "missing_lines": [], "excluded_lines": [], "start_line": 36}, "ConsciousnessBridge": {"executed_lines": [60, 61, 62, 63, 67, 69, 70, 71, 72, 73, 74, 75, 76, 79, 80, 84, 87, 88, 89, 92, 93, 94, 96, 99, 100, 101, 102, 104, 105, 109, 111, 113, 114, 115, 116, 119, 121, 130, 131, 132, 133, 134, 135, 136, 137, 138, 139, 140, 141, 143, 145, 146, 147, 148, 151, 155, 162, 164, 165, 166, 167, 168, 169, 184, 185, 186, 188, 201, 206, 207, 208, 209, 211, 212, 216, 218, 220, 221, 222, 225, 235, 240, 242, 246, 248, 249], "summary": {"covered_lines": 86, "num_statements": 101, "percent_covered": 85.14851485148515, "percent_covered_display": "85.15", "missing_lines": 15, "excluded_lines": 0, "percent_statements_covered": 85.14851485148515, "percent_statements_covered_display": "85.15"}, "missing_lines": [179, 180, 243, 252, 255, 264, 273, 274, 277, 278, 281, 286, 296, 297, 299], "excluded_lines": [], "start_line": 49}, "": {"executed_lines": [11, 12, 13, 14, 15, 16, 17, 18, 21, 22, 25, 26, 27, 28, 29, 30, 31, 32, 35, 36, 38, 39, 40, 41, 42, 43, 44, 45, 46, 49, 57, 59, 65, 82, 107, 153, 182, 199, 214, 237, 266, 302, 345], "summary": {"covered_lines": 43, "num_statements": 64, "percent_covered": 67.1875, "percent_covered_display": "67.19", "missing_lines": 21, "excluded_lines": 0, "percent_statements_covered": 67.1875, "percent_statements_covered_display": "67.19"}, "missing_lines": [304, 305, 306, 307, 309, 311, 312, 313, 314, 316, 318, 331, 332, 333, 336, 337, 338, 339, 341, 342, 346], "excluded_lines": [], "start_line": 1}}}}, "totals": {"covered_lines": 360, "num_statements": 435, "percent_covered": 82.75862068965517, "percent_covered_display": "82.76", "missing_lines": 75, "excluded_lines": 0, "percent_statements_covered": 82.75862068965517, "percent_statements_covered_display": "82.76"}}