   Compiling sovereign_core v5.0.0 (/Users/lordwilson/.gemini/antigravity/scratch/SovereignCore)
error[E0277]: the trait bound `Uuid: serde::Serialize` is not satisfied
    --> src/governance/auction.rs:5:24
     |
   5 | #[derive(Debug, Clone, Serialize, Deserialize)]
     |                        ^^^^^^^^^ the trait `Serialize` is not implemented for `Uuid`
   6 | pub struct Bid {
   7 |     pub agent_id: Uuid,
     |     --- required by a bound introduced by this call
     |
     = note: for local types consider adding `#[derive(serde::Serialize)]` to your `Uuid` type
     = note: for types from other crates check whether the crate offers a `serde` feature flag
     = help: the following other types implement trait `Serialize`:
               &'a T
               &'a mut T
               ()
               (T,)
               (T0, T1)
               (T0, T1, T2)
               (T0, T1, T2, T3)
               (T0, T1, T2, T3, T4)
             and 129 others
note: required by a bound in `sovereign_agent::_::_serde::ser::SerializeStruct::serialize_field`
    --> /Users/lordwilson/.cargo/registry/src/index.crates.io-1949cf8c6b5b557f/serde_core-1.0.228/src/ser/mod.rs:1917:21
     |
1915 |     fn serialize_field<T>(&mut self, key: &'static str, value: &T) -> Result<(), Self::Error>
     |        --------------- required by a bound in this associated function
1916 |     where
1917 |         T: ?Sized + Serialize;
     |                     ^^^^^^^^^ required by this bound in `SerializeStruct::serialize_field`
     = note: this error originates in the derive macro `Serialize` (in Nightly builds, run with -Z macro-backtrace for more info)

error[E0277]: the trait bound `Uuid: serde::Deserialize<'de>` is not satisfied
    --> src/governance/auction.rs:7:19
     |
   7 |     pub agent_id: Uuid,
     |                   ^^^^ the trait `Deserialize<'_>` is not implemented for `Uuid`
     |
     = note: for local types consider adding `#[derive(serde::Deserialize)]` to your `Uuid` type
     = note: for types from other crates check whether the crate offers a `serde` feature flag
     = help: the following other types implement trait `Deserialize<'de>`:
               &'a Path
               &'a [u8]
               &'a str
               ()
               (T,)
               (T0, T1)
               (T0, T1, T2)
               (T0, T1, T2, T3)
             and 142 others
note: required by a bound in `next_element`
    --> /Users/lordwilson/.cargo/registry/src/index.crates.io-1949cf8c6b5b557f/serde_core-1.0.228/src/de/mod.rs:1771:12
     |
1769 |     fn next_element<T>(&mut self) -> Result<Option<T>, Self::Error>
     |        ------------ required by a bound in this associated function
1770 |     where
1771 |         T: Deserialize<'de>,
     |            ^^^^^^^^^^^^^^^^ required by this bound in `SeqAccess::next_element`

error[E0277]: the trait bound `Uuid: serde::Deserialize<'de>` is not satisfied
    --> src/governance/auction.rs:7:19
     |
   7 |     pub agent_id: Uuid,
     |                   ^^^^ the trait `Deserialize<'_>` is not implemented for `Uuid`
     |
     = note: for local types consider adding `#[derive(serde::Deserialize)]` to your `Uuid` type
     = note: for types from other crates check whether the crate offers a `serde` feature flag
     = help: the following other types implement trait `Deserialize<'de>`:
               &'a Path
               &'a [u8]
               &'a str
               ()
               (T,)
               (T0, T1)
               (T0, T1, T2)
               (T0, T1, T2, T3)
             and 142 others
note: required by a bound in `next_value`
    --> /Users/lordwilson/.cargo/registry/src/index.crates.io-1949cf8c6b5b557f/serde_core-1.0.228/src/de/mod.rs:1916:12
     |
1914 |     fn next_value<V>(&mut self) -> Result<V, Self::Error>
     |        ---------- required by a bound in this associated function
1915 |     where
1916 |         V: Deserialize<'de>,
     |            ^^^^^^^^^^^^^^^^ required by this bound in `MapAccess::next_value`

error[E0277]: the trait bound `Uuid: serde::Deserialize<'de>` is not satisfied
  --> src/governance/auction.rs:5:35
   |
 5 | #[derive(Debug, Clone, Serialize, Deserialize)]
   |                                   ^^^^^^^^^^^ the trait `Deserialize<'_>` is not implemented for `Uuid`
   |
   = note: for local types consider adding `#[derive(serde::Deserialize)]` to your `Uuid` type
   = note: for types from other crates check whether the crate offers a `serde` feature flag
   = help: the following other types implement trait `Deserialize<'de>`:
             &'a Path
             &'a [u8]
             &'a str
             ()
             (T,)
             (T0, T1)
             (T0, T1, T2)
             (T0, T1, T2, T3)
           and 142 others
note: required by a bound in `sovereign_agent::_::_serde::__private228::de::missing_field`
  --> /Users/lordwilson/.cargo/registry/src/index.crates.io-1949cf8c6b5b557f/serde-1.0.228/src/private/de.rs:26:8
   |
24 | pub fn missing_field<'de, V, E>(field: &'static str) -> Result<V, E>
   |        ------------- required by a bound in this function
25 | where
26 |     V: Deserialize<'de>,
   |        ^^^^^^^^^^^^^^^^ required by this bound in `missing_field`
   = note: this error originates in the derive macro `Deserialize` (in Nightly builds, run with -Z macro-backtrace for more info)

For more information about this error, try `rustc --explain E0277`.
error: could not compile `sovereign_core` (lib) due to 4 previous errors
